# JRE version: OpenJDK Runtime Environment (7.0_79-b14) (build 1.7.0_79-b14)
# Java VM: OpenJDK 64-Bit Server VM (24.79-b02 mixed mode linux-amd64 compressed oops)
Heap
 par new generation   total 78656K, used 49316K [0x000000009a200000, 0x000000009f750000, 0x00000000aeec0000)
  eden space 69952K,  69% used [0x000000009a200000, 0x000000009d168280, 0x000000009e650000)
  from space 8704K,   8% used [0x000000009e650000, 0x000000009e710de8, 0x000000009eed0000)
  to   space 8704K,   0% used [0x000000009eed0000, 0x000000009eed0000, 0x000000009f750000)
 concurrent mark-sweep generation total 186880K, used 107376K [0x00000000aeec0000, 0x00000000ba540000, 0x00000000ea200000)
 concurrent-mark-sweep perm gen total 233432K, used 142427K [0x00000000ea200000, 0x00000000f85f6000, 0x0000000100000000)
GC Heap History (10 events):
Event: 98.213 GC heap before
{Heap before GC invocations=33 (full 2):
 par new generation   total 78656K, used 74088K [0x000000009a200000, 0x000000009f750000, 0x00000000aeec0000)
  eden space 69952K,  99% used [0x000000009a200000, 0x000000009e5f2360, 0x000000009e650000)
  from space 8704K,  51% used [0x000000009eed0000, 0x000000009f337ca8, 0x000000009f750000)
  to   space 8704K,   0% used [0x000000009e650000, 0x000000009e650000, 0x000000009eed0000)
 concurrent mark-sweep generation total 186880K, used 146234K [0x00000000aeec0000, 0x00000000ba540000, 0x00000000ea200000)
 concurrent-mark-sweep perm gen total 206164K, used 138327K [0x00000000ea200000, 0x00000000f6b55000, 0x0000000100000000)
Event: 98.220 GC heap after
Heap after GC invocations=34 (full 2):
 par new generation   total 78656K, used 6765K [0x000000009a200000, 0x000000009f750000, 0x00000000aeec0000)
  eden space 69952K,   0% used [0x000000009a200000, 0x000000009a200000, 0x000000009e650000)
  from space 8704K,  77% used [0x000000009e650000, 0x000000009eceb628, 0x000000009eed0000)
  to   space 8704K,   0% used [0x000000009eed0000, 0x000000009eed0000, 0x000000009f750000)
 concurrent mark-sweep generation total 186880K, used 150074K [0x00000000aeec0000, 0x00000000ba540000, 0x00000000ea200000)
 concurrent-mark-sweep perm gen total 206164K, used 138327K [0x00000000ea200000, 0x00000000f6b55000, 0x0000000100000000)
}
Event: 130.266 GC heap before
{Heap before GC invocations=34 (full 2):
 par new generation   total 78656K, used 75447K [0x000000009a200000, 0x000000009f750000, 0x00000000aeec0000)
  eden space 69952K,  98% used [0x000000009a200000, 0x000000009e5125e0, 0x000000009e650000)
  from space 8704K,  77% used [0x000000009e650000, 0x000000009eceb628, 0x000000009eed0000)
  to   space 8704K,   0% used [0x000000009eed0000, 0x000000009eed0000, 0x000000009f750000)
 concurrent mark-sweep generation total 186880K, used 150074K [0x00000000aeec0000, 0x00000000ba540000, 0x00000000ea200000)
 concurrent-mark-sweep perm gen total 206164K, used 139476K [0x00000000ea200000, 0x00000000f6b55000, 0x0000000100000000)
Event: 130.273 GC heap after
Heap after GC invocations=35 (full 2):
 par new generation   total 78656K, used 2022K [0x000000009a200000, 0x000000009f750000, 0x00000000aeec0000)
  eden space 69952K,   0% used [0x000000009a200000, 0x000000009a200000, 0x000000009e650000)
  from space 8704K,  23% used [0x000000009eed0000, 0x000000009f0c9818, 0x000000009f750000)
  to   space 8704K,   0% used [0x000000009e650000, 0x000000009e650000, 0x000000009eed0000)
 concurrent mark-sweep generation total 186880K, used 151753K [0x00000000aeec0000, 0x00000000ba540000, 0x00000000ea200000)
 concurrent-mark-sweep perm gen total 206164K, used 139476K [0x00000000ea200000, 0x00000000f6b55000, 0x0000000100000000)
}
Event: 134.730 GC heap before
{Heap before GC invocations=35 (full 2):
 par new generation   total 78656K, used 71892K [0x000000009a200000, 0x000000009f750000, 0x00000000aeec0000)
  eden space 69952K,  99% used [0x000000009a200000, 0x000000009e63b960, 0x000000009e650000)
  from space 8704K,  23% used [0x000000009eed0000, 0x000000009f0c9818, 0x000000009f750000)
  to   space 8704K,   0% used [0x000000009e650000, 0x000000009e650000, 0x000000009eed0000)
 concurrent mark-sweep generation total 186880K, used 151753K [0x00000000aeec0000, 0x00000000ba540000, 0x00000000ea200000)
 concurrent-mark-sweep perm gen total 206164K, used 140049K [0x00000000ea200000, 0x00000000f6b55000, 0x0000000100000000)
Event: 134.741 GC heap after
Heap after GC invocations=36 (full 2):
 par new generation   total 78656K, used 7265K [0x000000009a200000, 0x000000009f750000, 0x00000000aeec0000)
  eden space 69952K,   0% used [0x000000009a200000, 0x000000009a200000, 0x000000009e650000)
  from space 8704K,  83% used [0x000000009e650000, 0x000000009ed68510, 0x000000009eed0000)
  to   space 8704K,   0% used [0x000000009eed0000, 0x000000009eed0000, 0x000000009f750000)
 concurrent mark-sweep generation total 186880K, used 162558K [0x00000000aeec0000, 0x00000000ba540000, 0x00000000ea200000)
 concurrent-mark-sweep perm gen total 206164K, used 140049K [0x00000000ea200000, 0x00000000f6b55000, 0x0000000100000000)
}
Event: 143.478 GC heap before
{Heap before GC invocations=36 (full 3):
 par new generation   total 78656K, used 75871K [0x000000009a200000, 0x000000009f750000, 0x00000000aeec0000)
  eden space 69952K,  98% used [0x000000009a200000, 0x000000009e4ffa80, 0x000000009e650000)
  from space 8704K,  83% used [0x000000009e650000, 0x000000009ed68510, 0x000000009eed0000)
  to   space 8704K,   0% used [0x000000009eed0000, 0x000000009eed0000, 0x000000009f750000)
 concurrent mark-sweep generation total 186880K, used 104554K [0x00000000aeec0000, 0x00000000ba540000, 0x00000000ea200000)
 concurrent-mark-sweep perm gen total 233432K, used 140106K [0x00000000ea200000, 0x00000000f85f6000, 0x0000000100000000)
Event: 143.486 GC heap after
Heap after GC invocations=37 (full 3):
 par new generation   total 78656K, used 1962K [0x000000009a200000, 0x000000009f750000, 0x00000000aeec0000)
  eden space 69952K,   0% used [0x000000009a200000, 0x000000009a200000, 0x000000009e650000)
  from space 8704K,  22% used [0x000000009eed0000, 0x000000009f0ba830, 0x000000009f750000)
  to   space 8704K,   0% used [0x000000009e650000, 0x000000009e650000, 0x000000009eed0000)
 concurrent mark-sweep generation total 186880K, used 107376K [0x00000000aeec0000, 0x00000000ba540000, 0x00000000ea200000)
 concurrent-mark-sweep perm gen total 233432K, used 140106K [0x00000000ea200000, 0x00000000f85f6000, 0x0000000100000000)
}
Event: 155.943 GC heap before
{Heap before GC invocations=37 (full 3):
 par new generation   total 78656K, used 71914K [0x000000009a200000, 0x000000009f750000, 0x00000000aeec0000)
  eden space 69952K, 100% used [0x000000009a200000, 0x000000009e650000, 0x000000009e650000)
  from space 8704K,  22% used [0x000000009eed0000, 0x000000009f0ba830, 0x000000009f750000)
  to   space 8704K,   0% used [0x000000009e650000, 0x000000009e650000, 0x000000009eed0000)
 concurrent mark-sweep generation total 186880K, used 107376K [0x00000000aeec0000, 0x00000000ba540000, 0x00000000ea200000)
 concurrent-mark-sweep perm gen total 233432K, used 140237K [0x00000000ea200000, 0x00000000f85f6000, 0x0000000100000000)
Event: 155.947 GC heap after
Heap after GC invocations=38 (full 3):
 par new generation   total 78656K, used 771K [0x000000009a200000, 0x000000009f750000, 0x00000000aeec0000)
  eden space 69952K,   0% used [0x000000009a200000, 0x000000009a200000, 0x000000009e650000)
  from space 8704K,   8% used [0x000000009e650000, 0x000000009e710de8, 0x000000009eed0000)
  to   space 8704K,   0% used [0x000000009eed0000, 0x000000009eed0000, 0x000000009f750000)
 concurrent mark-sweep generation total 186880K, used 107376K [0x00000000aeec0000, 0x00000000ba540000, 0x00000000ea200000)
 concurrent-mark-sweep perm gen total 233432K, used 140237K [0x00000000ea200000, 0x00000000f85f6000, 0x0000000100000000)
}

